Bitstream Charter
Bitstream Vera Sans
Bitstream Vera Sans Mono
Bitstream Vera Serif
Century Schoolbook L
Courier
Courier 10 Pitch
Cursor
DejaVu LGC Sans
DejaVu LGC Sans Condensed
DejaVu LGC Sans Light
DejaVu LGC Sans Mono
DejaVu LGC Serif
DejaVu LGC Serif Condensed
Dialog
DialogInput
Dingbats
Hershey
Liberation Mono
Liberation Sans
Liberation Serif
Lucida Bright
Lucida Sans
Lucida Sans Typewriter
Luxi Mono
Luxi Sans
Luxi Serif
Monospaced
Nimbus Mono L
Nimbus Roman No9 L
Nimbus Sans L
Nimbus Sans L Condensed
SansSerif
Serif
Standard Symbols L
URW Bookman L
URW Chancery L
URW Gothic L
URW Palladio L
Utopia
