Mouse Entered:
   relative = (117.0,3.0), screen = (373.0,275.0)
   button = 0, clicks = 0, when = 1338528822277
   modifiers =
Mouse Pressed:
   relative = (120.0,23.0), screen = (376.0,295.0)
   button = 1, clicks = 1, when = 1338528824717
   modifiers =
Mouse Released:
   relative = (120.0,23.0), screen = (376.0,295.0)
   button = 1, clicks = 1, when = 1338528824797
   modifiers =
Mouse Clicked:
   relative = (120.0,23.0), screen = (376.0,295.0)
   button = 1, clicks = 1, when = 1338528824797
   modifiers =
Mouse Exited:
   relative = (213.0,64.0), screen = (469.0,336.0)
   button = 0, clicks = 0, when = 1338528826501
   modifiers =
Mouse Entered:
   relative = (149.0,52.0), screen = (405.0,324.0)
   button = 0, clicks = 0, when = 1338528828285
   modifiers =
Mouse Pressed:
   relative = (145.0,28.0), screen = (401.0,300.0)
   button = 1, clicks = 1, when = 1338528831181
   modifiers = Control Shift
Mouse Released:
   relative = (145.0,28.0), screen = (401.0,300.0)
   button = 1, clicks = 1, when = 1338528831269
   modifiers = Control Shift
Mouse Clicked:
   relative = (145.0,28.0), screen = (401.0,300.0)
   button = 1, clicks = 1, when = 1338528831269
   modifiers = Control Shift
Mouse Pressed:
   relative = (145.0,28.0), screen = (401.0,300.0)
   button = 1, clicks = 2, when = 1338528831349
   modifiers = Control Shift
Mouse Released:
   relative = (145.0,28.0), screen = (401.0,300.0)
   button = 1, clicks = 2, when = 1338528831453
   modifiers = Control Shift
Mouse Clicked:
   relative = (145.0,28.0), screen = (401.0,300.0)
   button = 1, clicks = 2, when = 1338528831453
   modifiers = Control Shift
Mouse Exited:
   relative = (142.0,55.0), screen = (398.0,327.0)
   button = 0, clicks = 0, when = 1338528837885
   modifiers =
