==21719== Memcheck, a memory error detector
==21719== Copyright (C) 2002-2012, and GNU GPL'd, by Julian Seward et al.
==21719== Using Valgrind-3.8.1 and LibVEX; rerun with -h for copyright info
==21719== Command: iterintvec
==21719== 
99
iterintvec::range_check
99 1234
99 99
0
0
0
99
0
0
0
0
0
0
==21719== 
==21719== HEAP SUMMARY:
==21719==     in use at exit: 0 bytes in 0 blocks
==21719==   total heap usage: 6 allocs, 6 frees, 321 bytes allocated
==21719== 
==21719== All heap blocks were freed -- no leaks are possible
==21719== 
==21719== For counts of detected and suppressed errors, rerun with: -v
==21719== ERROR SUMMARY: 0 errors from 0 contexts (suppressed: 6 from 6)
