-rw-------. 1 294 Mar 31 17:41 hello.cpp.log
-rw-------. 1   2 Mar 31 17:41 hello.err
-rw-------. 1  16 Mar 31 17:41 hello.exit
-rw-------. 1  33 Mar 31 17:41 hello.out

================================================================
File: hello.cpp.log
----------------------------------------------------------------
     1  @@@@@@@@@@@@@@@@@@@@@@@@@@@@@@@@ mkc: starting hello.cpp
     2  hello.cpp:
     3       $Id: hello.cpp,v 1.8 2014-03-27 18:59:06-07 - - $
     4  g++ -g -O0 -Wall -Wextra -rdynamic -std=gnu++11 hello.cpp -o hello -lglut -lGLU -lGL -lX11 -lrt -lm
     5  rm -f hello.o
     6  @@@@@@@@@@@@@@@@@@@@@@@@@@@@@@@@ mkc: finished hello.cpp
================================================================


================================================================
File: hello.out
----------------------------------------------------------------
     1  Hello, world!
     2  My name is ./hello
================================================================


================================================================
File: hello.err
----------------------------------------------------------------
     1  1
================================================================


================================================================
File: hello.exit
----------------------------------------------------------------
     1  EXIT STATUS = 0
================================================================

