-rw-------. 1 302 Jan  7 15:06 isatty.cpp.log
-rw-------. 1 110 Jan  7 15:06 isatty.err
-rw-------. 1   0 Jan  7 15:06 isatty.out

================================================================
File: isatty.cpp.log
----------------------------------------------------------------
     1  @@@@@@@@@@@@@@@@@@@@@@@@@@@@@@@@ mkc: starting isatty.cpp
     2  isatty.cpp:
     3       $Id: isatty.cpp,v 1.14 2015-01-07 15:06:54-08 - - $
     4  g++ -g -O0 -Wall -Wextra -rdynamic -std=gnu++11 isatty.cpp -o isatty -lglut -lGLU -lGL -lX11 -lrt -lm
     5  rm -f isatty.o
     6  @@@@@@@@@@@@@@@@@@@@@@@@@@@@@@@@ mkc: finished isatty.cpp
================================================================


================================================================
File: isatty.out
----------------------------------------------------------------
================================================================


================================================================
File: isatty.err
----------------------------------------------------------------
     1  isatty: cin: fd 0: Invalid argument
     2  isatty: cout: fd 1: Invalid argument
     3  isatty: cerr: fd 2: Invalid argument
================================================================

