==6348== Memcheck, a memory error detector
==6348== Copyright (C) 2002-2013, and GNU GPL'd, by Julian Seward et al.
==6348== Using Valgrind-3.9.0 and LibVEX; rerun with -h for copyright info
==6348== Command: inheritance
==6348== 
sizeof (object) = 16
sizeof (rectangle) = 32
sizeof (circle) = 24
Create: [0x4e7d090->6object] id=1: 
Create: [0x4e7d090->6circle] id=1: circle: diameter=0
Create: [0x4e7d1a0->6object] id=2: 
Create: [0x4e7d1a0->6circle] id=2: circle: diameter=10
Create: [0x4e7d2c0->6object] id=3: 
Create: [0x4e7d2c0->9rectangle] id=3: rectangle: width=0, height=0
Create: [0x4e7d400->6object] id=4: 
Create: [0x4e7d400->9rectangle] id=4: rectangle: width=5, height=0
Create: [0x4e7d4c0->6object] id=5: 
Create: [0x4e7d4c0->9rectangle] id=5: rectangle: width=8, height=0

Object: [0x4e7d090->6circle] id=1: circle: diameter=0
Object: [0x4e7d1a0->6circle] id=2: circle: diameter=10
Object: [0x4e7d2c0->9rectangle] id=3: rectangle: width=0, height=0
Object: [0x4e7d400->9rectangle] id=4: rectangle: width=5, height=0
Object: [0x4e7d4c0->9rectangle] id=5: rectangle: width=8, height=0

return 0
Delete: [0x4e7d090->6circle] id=1: circle: diameter=0
Delete: [0x4e7d090->6object] id=1: 
Delete: [0x4e7d1a0->6circle] id=2: circle: diameter=10
Delete: [0x4e7d1a0->6object] id=2: 
Delete: [0x4e7d2c0->9rectangle] id=3: rectangle: width=0, height=0
Delete: [0x4e7d2c0->6object] id=3: 
Delete: [0x4e7d400->9rectangle] id=4: rectangle: width=5, height=0
Delete: [0x4e7d400->6object] id=4: 
Delete: [0x4e7d4c0->9rectangle] id=5: rectangle: width=8, height=0
Delete: [0x4e7d4c0->6object] id=5: 
==6348== 
==6348== HEAP SUMMARY:
==6348==     in use at exit: 0 bytes in 0 blocks
==6348==   total heap usage: 15 allocs, 15 frees, 513 bytes allocated
==6348== 
==6348== All heap blocks were freed -- no leaks are possible
==6348== 
==6348== For counts of detected and suppressed errors, rerun with: -v
==6348== ERROR SUMMARY: 0 errors from 0 contexts (suppressed: 6 from 6)
