==8097== Memcheck, a memory error detector
==8097== Copyright (C) 2002-2013, and GNU GPL'd, by Julian Seward et al.
==8097== Using Valgrind-3.9.0 and LibVEX; rerun with -h for copyright info
==8097== Command: slicing
==8097== 
sizeof (base) = 4
sizeof (second) = 8
sizeof (other) = 8
4base: 6
6second: 8, 10
5other: 15, 20
4base: 8
6second: 42, 99
6second: 42, 99
==8097== 
==8097== HEAP SUMMARY:
==8097==     in use at exit: 0 bytes in 0 blocks
==8097==   total heap usage: 1 allocs, 1 frees, 9 bytes allocated
==8097== 
==8097== All heap blocks were freed -- no leaks are possible
==8097== 
==8097== For counts of detected and suppressed errors, rerun with: -v
==8097== ERROR SUMMARY: 0 errors from 0 contexts (suppressed: 6 from 6)
