==8638== Memcheck, a memory error detector
==8638== Copyright (C) 2002-2013, and GNU GPL'd, by Julian Seward et al.
==8638== Using Valgrind-3.9.0 and LibVEX; rerun with -h for copyright info
==8638== Command: typeid
==8638== 
TRACE (cout << sizeof (base) << endl;)
16
TRACE (cout << sizeof (extend) << endl;)
24
TRACE (cout << sizeof (other) << endl;)
24
TRACE (base *bptr = new base();)
0x4e7d090->base
TRACE (cout << "typeid *bptr = " << typeid (*bptr).name() << endl;)
typeid *bptr = 4base
TRACE (bptr->print(); cout << endl;)
(base)
TRACE (base *dptr = new extend();)
0x4e7d140->base
0x4e7d140->extend
TRACE (cout << "typeid *dptr = " << typeid (*dptr).name() << endl;)
typeid *dptr = 6extend
TRACE (dptr->print(); cout << endl;)
(base)::(extend)
TRACE (base *optr = new other();)
0x4e7d270->base
0x4e7d270->other
TRACE (cout << "typeid *optr = " << typeid (*optr).name() << endl;)
typeid *optr = 5other
TRACE (optr->print(); cout << endl;)
(base)::(other)
TRACE (delete optr;)
0x4e7d270->~other
0x4e7d270->~base
TRACE (delete bptr;)
0x4e7d090->~base
TRACE (bptr = dptr;)
TRACE (cout << "typeid *bptr = " << typeid (*bptr).name() << endl;)
typeid *bptr = 6extend
TRACE (bptr->print(); cout << endl;)
(base)::(extend)
TRACE (dptr = dynamic_cast<extend *> (bptr);)
TRACE (cout << "typeid *dptr = " << typeid (*dptr).name() << endl;)
typeid *dptr = 6extend
TRACE (dptr->print(); cout << endl;)
(base)::(extend)
TRACE (extend dloc;)
0xffefff940->base
0xffefff940->extend
TRACE (cout << "typeid dloc = " << typeid (dloc).name() << endl;)
typeid dloc = 6extend
TRACE (dloc.print(); cout << endl;)
(base)::(extend)
TRACE (delete dptr;)
0x4e7d140->~extend
0x4e7d140->~base
TRACE (return 0;)
0xffefff940->~extend
0xffefff940->~base
==8638== 
==8638== HEAP SUMMARY:
==8638==     in use at exit: 0 bytes in 0 blocks
==8638==   total heap usage: 11 allocs, 11 frees, 295 bytes allocated
==8638== 
==8638== All heap blocks were freed -- no leaks are possible
==8638== 
==8638== For counts of detected and suppressed errors, rerun with: -v
==8638== ERROR SUMMARY: 0 errors from 0 contexts (suppressed: 6 from 6)
