==8927== Memcheck, a memory error detector
==8927== Copyright (C) 2002-2013, and GNU GPL'd, by Julian Seward et al.
==8927== Using Valgrind-3.9.0 and LibVEX; rerun with -h for copyright info
==8927== Command: virtual
==8927== 
TRACE (nonbase *nb = new nonbase();)
nonbase()
TRACE (nb->show();)
7nonbase
TRACE (nonderived *nd = new nonderived ();)
nonbase()
nonderived()
TRACE (nd->show();)
10nonderived
TRACE (delete nb;)
~nonbase()
TRACE (nb = nd;)
TRACE (nb->show();)
7nonbase
TRACE (nd = static_cast<nonderived*> (nb);)
TRACE (nd->show();)
10nonderived
TRACE (delete nd;)
~nonderived()
~nonbase()
TRACE (virtbase *vb = new virtbase();)
virtbase()
TRACE (vb->show();)
8virtbase
TRACE (virtderived *vd = new virtderived ();)
virtbase()
virtderived()
TRACE (vd->show();)
11virtderived
TRACE (delete vb;)
~virtbase()
TRACE (vb = vd;)
TRACE (vb->show();)
11virtderived
TRACE (vd = dynamic_cast<virtderived*> (vb);)
TRACE (vd->show();)
11virtderived
TRACE (delete vd;)
~virtderived()
~virtbase()
TRACE (return 0;)
==8927== 
==8927== HEAP SUMMARY:
==8927==     in use at exit: 0 bytes in 0 blocks
==8927==   total heap usage: 5 allocs, 5 frees, 27 bytes allocated
==8927== 
==8927== All heap blocks were freed -- no leaks are possible
==8927== 
==8927== For counts of detected and suppressed errors, rerun with: -v
==8927== ERROR SUMMARY: 0 errors from 0 contexts (suppressed: 6 from 6)
