==9054== Memcheck, a memory error detector
==9054== Copyright (C) 2002-2013, and GNU GPL'd, by Julian Seward et al.
==9054== Using Valgrind-3.9.0 and LibVEX; rerun with -h for copyright info
==9054== Command: vtablefns
==9054== 
TRACE (AAA a; tester (a);)
0xffefff960->AAA::AAA()(1): typeid = "3AAA"
0xffefff960->tester: typeid = "3AAA": f = AAA::f()(1), g = AAA::g()(1)
.
TRACE (BBB b; tester (b);)
0xffefff940->AAA::AAA()(2): typeid = "3AAA"
0xffefff940->BBB::BBB()(2)(3): typeid = "3BBB"
0xffefff940->tester: typeid = "3BBB": f = BBB::f()(2)(3), g = AAA::g()(2)
.
TRACE (CCC c; tester (c);)
0xffefff920->AAA::AAA()(4): typeid = "3AAA"
0xffefff920->CCC::CCC()(4)(5): typeid = "3CCC"
0xffefff920->tester: typeid = "3CCC": f = AAA::f()(4), g = CCC::g()(4)(5)
.
TRACE (return 0;)
0xffefff920->CCC::~CCC()(4)(5): typeid = "3CCC"
0xffefff920->AAA::~AAA()(4): typeid = "3AAA"
0xffefff940->BBB::~BBB()(2)(3): typeid = "3BBB"
0xffefff940->AAA::~AAA()(2): typeid = "3AAA"
0xffefff960->AAA::~AAA()(1): typeid = "3AAA"
==9054== 
==9054== HEAP SUMMARY:
==9054==     in use at exit: 0 bytes in 0 blocks
==9054==   total heap usage: 32 allocs, 32 frees, 1,173 bytes allocated
==9054== 
==9054== All heap blocks were freed -- no leaks are possible
==9054== 
==9054== For counts of detected and suppressed errors, rerun with: -v
==9054== ERROR SUMMARY: 0 errors from 0 contexts (suppressed: 6 from 6)
