==1358== Memcheck, a memory error detector
==1358== Copyright (C) 2002-2010, and GNU GPL'd, by Julian Seward et al.
==1358== Using Valgrind-3.6.0 and LibVEX; rerun with -h for copyright info
==1358== Command: allocvec This is a simple test of allocvec.
==1358== 
sizeof(allocvec) = 32
vector:  This
vector:  is
vector:  a
vector:  simple
vector:  test
vector:  of
vector:  allocvec.
vec.size() = 7
half: allocvec.
half: of
half: test
vec.size() = 4
==1358== 
==1358== HEAP SUMMARY:
==1358==     in use at exit: 0 bytes in 0 blocks
==1358==   total heap usage: 8 allocs, 8 frees, 267 bytes allocated
==1358== 
==1358== All heap blocks were freed -- no leaks are possible
==1358== 
==1358== For counts of detected and suppressed errors, rerun with: -v
==1358== ERROR SUMMARY: 0 errors from 0 contexts (suppressed: 6 from 6)
