
:::::::::::::::::::::::::::::::::::::::::::::::::::::::::::::::::
log: raceclick.log
:::::::::::::::::::::::::::::::::::::::::::::::::::::::::::::::::

     1	Script  : /afs/cats.ucsc.edu/courses/cmps012b-wm/bin/runprog
     2	limit c :    0 max core file size (KB)
     3	limit f : 4194303 max output file size (KB)
     4	limit t : 4294967295 max CPU time (sec)
     5	stdin   : /dev/null
     6	stdout  : raceclick.out
     7	stderr  : raceclick.err
     8	log     : raceclick.log
     9	listing : raceclick.lis
    10	Command : raceclick
    11	starting: pid 9347: 19:32:58.00
    12	finished: pid 9347: 19:32:58.00, real 0.00, user 0.10, sys 0.02
    13	pstatus: 0x0000 EXIT STATUS = 0

:::::::::::::::::::::::::::::::::::::::::::::::::::::::::::::::::
stdin: /dev/null
:::::::::::::::::::::::::::::::::::::::::::::::::::::::::::::::::


:::::::::::::::::::::::::::::::::::::::::::::::::::::::::::::::::
stdout: raceclick.out
:::::::::::::::::::::::::::::::::::::::::::::::::::::::::::::::::

     1	main starting
     2	main finished, count = 0
     3	racer 1 starting
     4	racer 2 starting
     5	racer 2 finished, count = 1067957
     6	racer 1 finished, count = 1985035

:::::::::::::::::::::::::::::::::::::::::::::::::::::::::::::::::
stderr: raceclick.err
:::::::::::::::::::::::::::::::::::::::::::::::::::::::::::::::::

