
:::::::::::::::::::::::::::::::::::::::::::::::::::::::::::::::::
log: synchclick.log
:::::::::::::::::::::::::::::::::::::::::::::::::::::::::::::::::

     1	Script  : /afs/cats.ucsc.edu/courses/cmps012b-wm/bin/runprog
     2	limit c :    0 max core file size (KB)
     3	limit f : 4194303 max output file size (KB)
     4	limit t : 4294967295 max CPU time (sec)
     5	stdin   : /dev/null
     6	stdout  : synchclick.out
     7	stderr  : synchclick.err
     8	log     : synchclick.log
     9	listing : synchclick.lis
    10	Command : synchclick
    11	starting: pid 9555: 19:33:17.00
    12	finished: pid 9555: 19:33:17.00, real 0.00, user 0.38, sys 0.03
    13	pstatus: 0x0000 EXIT STATUS = 0

:::::::::::::::::::::::::::::::::::::::::::::::::::::::::::::::::
stdin: /dev/null
:::::::::::::::::::::::::::::::::::::::::::::::::::::::::::::::::


:::::::::::::::::::::::::::::::::::::::::::::::::::::::::::::::::
stdout: synchclick.out
:::::::::::::::::::::::::::::::::::::::::::::::::::::::::::::::::

     1	main starting
     2	main finished, count = 0
     3	synchr 1 starting
     4	synchr 2 starting
     5	synchr 1 finished, count = 1900845
     6	synchr 2 finished, count = 2000000

:::::::::::::::::::::::::::::::::::::::::::::::::::::::::::::::::
stderr: synchclick.err
:::::::::::::::::::::::::::::::::::::::::::::::::::::::::::::::::

