==21303== Memcheck, a memory error detector
==21303== Copyright (C) 2002-2012, and GNU GPL'd, by Julian Seward et al.
==21303== Using Valgrind-3.8.1 and LibVEX; rerun with -h for copyright info
==21303== Command: queue_vec This is a test of queue_vec.
==21303== 
queue_vec
This
is
a
test
of
queue_vec.
sizeof queue<string> = 56
==21303== 
==21303== HEAP SUMMARY:
==21303==     in use at exit: 0 bytes in 0 blocks
==21303==   total heap usage: 13 allocs, 13 frees, 344 bytes allocated
==21303== 
==21303== All heap blocks were freed -- no leaks are possible
==21303== 
==21303== For counts of detected and suppressed errors, rerun with: -v
==21303== ERROR SUMMARY: 0 errors from 0 contexts (suppressed: 6 from 6)
