This is pdfTeX, Version 3.1415926-2.5-1.40.14 (TeX Live 2013/Debian) (format=pdflatex 2015.4.25)  25 APR 2015 16:43
entering extended mode
 restricted \write18 enabled.
 %&-line parsing enabled.
**h
(/usr/share/texlive/texmf-dist/tex/latex/tools/h.tex
LaTeX2e <2011/06/27>
Babel <3.9h> and hyphenation patterns for 2 languages loaded.

! The file name provided could not be found.
Use `<enter>' to continue processing,
`S' to scroll future errors
`R' to run without stopping,
`Q' to run quietly,
or `X' to terminate TeX
! .
l.41 \errmessage{}
                  
? q
OK, entering \batchmode...
)
! Emergency stop.
<*> h
     
*** (job aborted, no legal \end found)

 
Here is how much of TeX's memory you used:
 6 strings out of 495028
 245 string characters out of 6181497
 45944 words of memory out of 5000000
 3315 multiletter control sequences out of 15000+600000
 3640 words of font info for 14 fonts, out of 8000000 for 9000
 14 hyphenation exceptions out of 8191
 5i,0n,1p,81b,8s stack positions out of 5000i,500n,10000p,200000b,80000s
!  ==> Fatal error occurred, no output PDF file produced!
