==6117== Memcheck, a memory error detector
==6117== Copyright (C) 2002-2012, and GNU GPL'd, by Julian Seward et al.
==6117== Using Valgrind-3.8.1 and LibVEX; rerun with -h for copyright info
==6117== Command: ./strvec foo bar baz qux quux
==6117== 
indexing: this
indexing: is
indexing: an
indexing: array
indexing: of
indexing: words
iterator: this
iterator: is
iterator: an
iterator: array
iterator: of
iterator: words
auto itor: this
auto itor: is
auto itor: an
auto itor: array
auto itor: of
auto itor: words
for colon: this
for colon: is
for colon: an
for colon: array
for colon: of
for colon: words
lambda: this
lambda: is
lambda: an
lambda: array
lambda: of
lambda: words
for_each: this
for_each: is
for_each: an
for_each: array
for_each: of
for_each: words
==6117== 
==6117== HEAP SUMMARY:
==6117==     in use at exit: 0 bytes in 0 blocks
==6117==   total heap usage: 8 allocs, 8 frees, 227 bytes allocated
==6117== 
==6117== All heap blocks were freed -- no leaks are possible
==6117== 
==6117== For counts of detected and suppressed errors, rerun with: -v
==6117== ERROR SUMMARY: 0 errors from 0 contexts (suppressed: 6 from 6)
