 0.000005 Symposium STARTING
 0.001190 (0) Pythagoras is STARTING
 0.001289 (2) Plato is STARTING
 0.001354 (2) Plato is thinking 0 (1187)
 0.001388 (1) Socrates is STARTING
 0.001409 (1) Socrates is thinking 0 (703)
 0.001433 (0) Pythagoras is thinking 0 (637)
 0.001468 (3) Aristotle is STARTING
 0.001528 (3) Aristotle is thinking 0 (933)
 0.001554 (4) Zeno is STARTING
 0.001582 (4) Zeno is thinking 0 (1223)
 0.638537 (0) Pythagoras is hungry 0
 0.638578 (0) Pythagoras is eating 0 (979)
 0.704488 (1) Socrates is hungry 0
 0.934618 (3) Aristotle is hungry 0
 0.934662 (3) Aristotle is eating 0 (588)
 1.188519 (2) Plato is hungry 0
 1.224734 (4) Zeno is hungry 0
 1.522758 (3) Aristotle is thinking 1 (555)
 1.522807 (2) Plato is eating 0 (1046)
 1.617665 (0) Pythagoras is thinking 1 (799)
 1.617701 (4) Zeno is eating 0 (1068)
 2.077874 (3) Aristotle is hungry 1
 2.416759 (0) Pythagoras is hungry 1
 2.568970 (2) Plato is thinking 1 (872)
 2.569012 (1) Socrates is eating 0 (1128)
 2.685863 (4) Zeno is thinking 1 (592)
 2.685891 (3) Aristotle is eating 1 (905)
 3.277906 (4) Zeno is hungry 1
 3.441069 (2) Plato is hungry 1
 3.591004 (4) Zeno is eating 1 (768)
 3.591045 (3) Aristotle is thinking 2 (950)
 3.697158 (1) Socrates is thinking 1 (673)
 3.697200 (2) Plato is eating 1 (981)
 4.359104 (4) Zeno is thinking 2 (1300)
 4.359135 (0) Pythagoras is eating 1 (721)
 4.370256 (1) Socrates is hungry 1
 4.541139 (3) Aristotle is hungry 2
 4.678281 (2) Plato is thinking 2 (610)
 4.678329 (3) Aristotle is eating 2 (1008)
 5.080245 (0) Pythagoras is thinking 2 (1008)
 5.080287 (1) Socrates is eating 1 (976)
 5.288387 (2) Plato is hungry 2
 5.659250 (4) Zeno is hungry 2
 5.686498 (3) Aristotle is thinking 3 (1196)
 5.686549 (4) Zeno is eating 2 (1039)
 6.056378 (1) Socrates is thinking 2 (1481)
 6.056399 (2) Plato is eating 2 (1136)
 6.088413 (0) Pythagoras is hungry 2
 6.725713 (4) Zeno is thinking 3 (949)
 6.725748 (0) Pythagoras is eating 2 (1049)
 6.882674 (3) Aristotle is hungry 3
 7.192532 (2) Plato is thinking 3 (1046)
 7.192581 (3) Aristotle is eating 3 (893)
 7.537529 (1) Socrates is hungry 2
 7.674818 (4) Zeno is hungry 3
 7.774931 (0) Pythagoras is thinking 3 (1164)
 7.774964 (1) Socrates is eating 2 (1386)
 8.085671 (3) Aristotle is thinking 4 (1193)
 8.085725 (4) Zeno is eating 3 (1308)
 8.238712 (2) Plato is hungry 3
 8.939092 (0) Pythagoras is hungry 3
 9.161135 (1) Socrates is thinking 3 (822)
 9.161196 (2) Plato is eating 3 (615)
 9.278847 (3) Aristotle is hungry 4
 9.393907 (4) Zeno is thinking 4 (1270)
 9.393966 (0) Pythagoras is eating 3 (816)
 9.776293 (2) Plato is thinking 4 (1045)
 9.776341 (3) Aristotle is eating 4 (325)
 9.983247 (1) Socrates is hungry 3
10.101434 (3) Aristotle is FINISHED
10.210066 (0) Pythagoras is thinking 4 (1238)
10.210123 (1) Socrates is eating 3 (1068)
10.664083 (4) Zeno is hungry 4
10.664102 (4) Zeno is eating 4 (1202)
10.821456 (2) Plato is hungry 4
11.278285 (1) Socrates is thinking 4 (776)
11.278308 (2) Plato is eating 4 (1203)
11.448249 (0) Pythagoras is hungry 4
11.866242 (4) Zeno is FINISHED
11.866291 (0) Pythagoras is eating 4 (944)
12.054365 (1) Socrates is hungry 4
12.481445 (2) Plato is FINISHED
12.810390 (0) Pythagoras is FINISHED
12.810439 (1) Socrates is eating 4 (1031)
13.841611 (1) Socrates is FINISHED
13.841778 Symposium FINISHED
