==31179== Memcheck, a memory error detector
==31179== Copyright (C) 2002-2012, and GNU GPL'd, by Julian Seward et al.
==31179== Using Valgrind-3.8.1 and LibVEX; rerun with -h for copyright info
==31179== Command: uninitnew
==31179== 
==31179== Conditional jump or move depends on uninitialised value(s)
==31179==    at 0x400B99: f(int) (uninitnew.cpp:20)
==31179==    by 0x400D58: main (uninitnew.cpp:35)
==31179== 
10:
==31179== Conditional jump or move depends on uninitialised value(s)
==31179==    at 0x400B99: f(int) (uninitnew.cpp:20)
==31179==    by 0x400D62: main (uninitnew.cpp:36)
==31179== 
5:
==31179== Conditional jump or move depends on uninitialised value(s)
==31179==    at 0x400B99: f(int) (uninitnew.cpp:20)
==31179==    by 0x400D6C: main (uninitnew.cpp:37)
==31179== 
6:
==31179== Conditional jump or move depends on uninitialised value(s)
==31179==    at 0x400B99: f(int) (uninitnew.cpp:20)
==31179==    by 0x400D76: main (uninitnew.cpp:38)
==31179== 
100:
==31179== Conditional jump or move depends on uninitialised value(s)
==31179==    at 0x400B99: f(int) (uninitnew.cpp:20)
==31179==    by 0x400D80: main (uninitnew.cpp:39)
==31179== 
8:
g: 0 0 0 0 0
==31179== 
==31179== HEAP SUMMARY:
==31179==     in use at exit: 0 bytes in 0 blocks
==31179==   total heap usage: 6 allocs, 6 frees, 556 bytes allocated
==31179== 
==31179== All heap blocks were freed -- no leaks are possible
==31179== 
==31179== For counts of detected and suppressed errors, rerun with: -v
==31179== Use --track-origins=yes to see where uninitialised values come from
==31179== ERROR SUMMARY: 129 errors from 5 contexts (suppressed: 6 from 6)
