==4198== Memcheck, a memory error detector
==4198== Copyright (C) 2002-2012, and GNU GPL'd, by Julian Seward et al.
==4198== Using Valgrind-3.8.1 and LibVEX; rerun with -h for copyright info
==4198== Command: vectorshared these are some arguments to check on leak
==4198== 
0: 0x4c2b058->these
1: 0x4c2b168->are
2: 0x4c2b288->some
3: 0x4c2b3c8->arguments
4: 0x4c2b498->to
5: 0x4c2b618->check
6: 0x4c2b6d8->on
7: 0x4c2b798->leak
==4198== 
==4198== HEAP SUMMARY:
==4198==     in use at exit: 0 bytes in 0 blocks
==4198==   total heap usage: 20 allocs, 20 frees, 730 bytes allocated
==4198== 
==4198== All heap blocks were freed -- no leaks are possible
==4198== 
==4198== For counts of detected and suppressed errors, rerun with: -v
==4198== ERROR SUMMARY: 0 errors from 0 contexts (suppressed: 6 from 6)
